 
****************************************
  Report : Chip Summary
  Design : fpu
  Version: L-2016.03-SP5-1
  Date   : Mon Mar 13 14:03:23 2017
****************************************
Std cell utilization: 60.85%  (458264/(753134-0))
(Non-fixed + Fixed)
Std cell utilization: 60.65%  (454432/(753134-3834))
(Non-fixed only)
Chip area:            753134   sites, bbox (5.00 5.00 838.92 837.32) um
Std cell area:        458264   sites, (non-fixed:454432 fixed:3832)
                      32467    cells, (non-fixed:32225  fixed:242)
Macro cell area:      0        sites
                      0        cells
Placement blockages:  0        sites, (excluding fixed std cells)
                      3834     sites, (include fixed std cells & chimney area)
                      0        sites, (complete p/g net blockages)
Routing blockages:    0        sites, (partial p/g net blockages)
                      0        sites, (routing blockages and signal pre-route)
Lib cell count:       70 
Avg. std cell width:  4.98 um 
Site array:           unit     (width: 0.32 um, height: 2.88 um, rows: 289)
Physical DB scale:    1000 db_unit = 1 um 

 
****************************************
  Report : pnet options
  Design : fpu
  Version: L-2016.03-SP5-1
  Date   : Mon Mar 13 14:03:23 2017
****************************************


--------------------------------------------------------------------
Layer      Blockage   Min_width   Min_height   Via_additive     Density
--------------------------------------------------------------------
M1         none          ---         ---       via additive      ---
M2         none          ---         ---       via additive      ---
M3         none          ---         ---       via additive      ---
M4         none          ---         ---       via additive      ---
M5         none          ---         ---       via additive      ---
M6         none          ---         ---       via additive      ---
M7         none          ---         ---       via additive      ---
M8         none          ---         ---       via additive      ---
M9         none          ---         ---       via additive      ---

**********************************
      Sub-Region Utilization      
**********************************
Number of regions with placement utilization 0 - 0.125 is 0 (0.00%)
Number of regions with placement utilization 0.125 - 0.25 is 0 (0.00%)
Number of regions with placement utilization 0.25 - 0.375 is 0 (0.00%)
Number of regions with placement utilization 0.375 - 0.5 is 49 (1.46%)
Number of regions with placement utilization 0.5 - 0.625 is 2069 (61.50%)
Number of regions with placement utilization 0.625 - 0.75 is 1218 (36.21%)
Number of regions with placement utilization 0.75 - 0.875 is 28 (0.83%)
Number of regions with placement utilization 0.875 - 1 is 0 (0.00%)
1
