Information: Propagating switching activity (low effort zero delay simulation). (PWR-6)
Warning: Design has unannotated primary inputs. (PWR-414)
Warning: Design has unannotated sequential cell outputs. (PWR-415)
 
****************************************
Report : power
        -analysis_effort low
Design : fpu
Version: L-2016.03-SP5-1
Date   : Wed Mar  8 03:49:44 2017
****************************************


Library(s) Used:

    saed90nm_typ (File: /mnt/class_data/ecec574-f2016/SAED_EDK90nm/Digital_Standard_cell_Library/synopsys/models/saed90nm_typ.db)


Operating Conditions: TYPICAL   Library: saed90nm_typ
Wire Load Model Mode: enclosed

Design        Wire Load Model            Library
------------------------------------------------
fpu                    540000            saed90nm_typ
fpu_div                70000             saed90nm_typ
fpu_mul                280000            saed90nm_typ
fpu_add                140000            saed90nm_typ
bw_r_rf16x160          140000            saed90nm_typ
fpu_div_frac_dp        35000             saed90nm_typ
mul64                  140000            saed90nm_typ
fpu_mul_frac_dp        35000             saed90nm_typ
fpu_add_frac_dp        140000            saed90nm_typ
mul_array1_0           35000             saed90nm_typ
mul_array1_1           35000             saed90nm_typ


Global Operating Voltage = 1.2  
Power-specific unit information :
    Voltage Units = 1V
    Capacitance Units = 1.000000ff
    Time Units = 1ns
    Dynamic Power Units = 1uW    (derived from V,C,T units)
    Leakage Power Units = 1pW


  Cell Internal Power  =   4.2826 mW   (41%)
  Net Switching Power  =   6.0543 mW   (59%)
                         ---------
Total Dynamic Power    =  10.3370 mW  (100%)

Cell Leakage Power     =   1.9875 mW


                 Internal         Switching           Leakage            Total
Power Group      Power            Power               Power              Power   (   %    )  Attrs
--------------------------------------------------------------------------------------------------
io_pad             0.0000            0.0000            0.0000            0.0000  (   0.00%)
memory             0.0000            0.0000            0.0000            0.0000  (   0.00%)
black_box          0.0000            0.0000            0.0000            0.0000  (   0.00%)
clock_network  2.0284e+03        4.7115e+03        9.1157e+06        6.7489e+03  (  54.76%)
register       1.2144e+03          327.8028        6.1334e+08        2.1555e+03  (  17.49%)
sequential     -5.1360e-02            0.0000        2.6403e+08          263.9747 (   2.14%)
combinational  1.0400e+03        1.0150e+03        1.1011e+09        3.1561e+03  (  25.61%)
--------------------------------------------------------------------------------------------------
Total          4.2826e+03 uW     6.0543e+03 uW     1.9875e+09 pW     1.2325e+04 uW
1
