
  Loading design 'fpu'


Warning: Port 'pcx_fpio_data_px2[117]' cannot inherit its location, because the port does not connect with any leaf cell pins. Please check the floorplan. (PSYN-1042)
Warning: Port 'pcx_fpio_data_px2[111]' cannot inherit its location, because the port does not connect with any leaf cell pins. Please check the floorplan. (PSYN-1042)
Warning: Port 'pcx_fpio_data_px2[110]' cannot inherit its location, because the port does not connect with any leaf cell pins. Please check the floorplan. (PSYN-1042)
Warning: Port 'pcx_fpio_data_px2[109]' cannot inherit its location, because the port does not connect with any leaf cell pins. Please check the floorplan. (PSYN-1042)
Warning: Port 'pcx_fpio_data_px2[108]' cannot inherit its location, because the port does not connect with any leaf cell pins. Please check the floorplan. (PSYN-1042)
Warning: Port 'pcx_fpio_data_px2[107]' cannot inherit its location, because the port does not connect with any leaf cell pins. Please check the floorplan. (PSYN-1042)
Warning: Port 'pcx_fpio_data_px2[106]' cannot inherit its location, because the port does not connect with any leaf cell pins. Please check the floorplan. (PSYN-1042)
Warning: Port 'pcx_fpio_data_px2[105]' cannot inherit its location, because the port does not connect with any leaf cell pins. Please check the floorplan. (PSYN-1042)
Warning: Port 'pcx_fpio_data_px2[104]' cannot inherit its location, because the port does not connect with any leaf cell pins. Please check the floorplan. (PSYN-1042)
Warning: Port 'pcx_fpio_data_px2[103]' cannot inherit its location, because the port does not connect with any leaf cell pins. Please check the floorplan. (PSYN-1042)
Warning: Port 'pcx_fpio_data_px2[102]' cannot inherit its location, because the port does not connect with any leaf cell pins. Please check the floorplan. (PSYN-1042)
Warning: Port 'pcx_fpio_data_px2[101]' cannot inherit its location, because the port does not connect with any leaf cell pins. Please check the floorplan. (PSYN-1042)
Warning: Port 'pcx_fpio_data_px2[100]' cannot inherit its location, because the port does not connect with any leaf cell pins. Please check the floorplan. (PSYN-1042)
Warning: Port 'pcx_fpio_data_px2[99]' cannot inherit its location, because the port does not connect with any leaf cell pins. Please check the floorplan. (PSYN-1042)
Warning: Port 'pcx_fpio_data_px2[98]' cannot inherit its location, because the port does not connect with any leaf cell pins. Please check the floorplan. (PSYN-1042)
Warning: Port 'pcx_fpio_data_px2[97]' cannot inherit its location, because the port does not connect with any leaf cell pins. Please check the floorplan. (PSYN-1042)
Warning: Port 'pcx_fpio_data_px2[96]' cannot inherit its location, because the port does not connect with any leaf cell pins. Please check the floorplan. (PSYN-1042)
Warning: Port 'pcx_fpio_data_px2[95]' cannot inherit its location, because the port does not connect with any leaf cell pins. Please check the floorplan. (PSYN-1042)
Warning: Port 'pcx_fpio_data_px2[94]' cannot inherit its location, because the port does not connect with any leaf cell pins. Please check the floorplan. (PSYN-1042)
Warning: Port 'pcx_fpio_data_px2[93]' cannot inherit its location, because the port does not connect with any leaf cell pins. Please check the floorplan. (PSYN-1042)
Warning: Port 'pcx_fpio_data_px2[92]' cannot inherit its location, because the port does not connect with any leaf cell pins. Please check the floorplan. (PSYN-1042)
Warning: Port 'pcx_fpio_data_px2[91]' cannot inherit its location, because the port does not connect with any leaf cell pins. Please check the floorplan. (PSYN-1042)
Warning: Port 'pcx_fpio_data_px2[90]' cannot inherit its location, because the port does not connect with any leaf cell pins. Please check the floorplan. (PSYN-1042)
Warning: Port 'pcx_fpio_data_px2[89]' cannot inherit its location, because the port does not connect with any leaf cell pins. Please check the floorplan. (PSYN-1042)
Warning: Port 'pcx_fpio_data_px2[88]' cannot inherit its location, because the port does not connect with any leaf cell pins. Please check the floorplan. (PSYN-1042)
Warning: Port 'pcx_fpio_data_px2[87]' cannot inherit its location, because the port does not connect with any leaf cell pins. Please check the floorplan. (PSYN-1042)
Warning: Port 'pcx_fpio_data_px2[86]' cannot inherit its location, because the port does not connect with any leaf cell pins. Please check the floorplan. (PSYN-1042)
Warning: Port 'pcx_fpio_data_px2[85]' cannot inherit its location, because the port does not connect with any leaf cell pins. Please check the floorplan. (PSYN-1042)
Warning: Port 'pcx_fpio_data_px2[84]' cannot inherit its location, because the port does not connect with any leaf cell pins. Please check the floorplan. (PSYN-1042)
Warning: Port 'pcx_fpio_data_px2[83]' cannot inherit its location, because the port does not connect with any leaf cell pins. Please check the floorplan. (PSYN-1042)
Warning: Port 'pcx_fpio_data_px2[82]' cannot inherit its location, because the port does not connect with any leaf cell pins. Please check the floorplan. (PSYN-1042)
Warning: Port 'pcx_fpio_data_px2[81]' cannot inherit its location, because the port does not connect with any leaf cell pins. Please check the floorplan. (PSYN-1042)
Warning: Port 'pcx_fpio_data_px2[80]' cannot inherit its location, because the port does not connect with any leaf cell pins. Please check the floorplan. (PSYN-1042)
Warning: Port 'pcx_fpio_data_px2[71]' cannot inherit its location, because the port does not connect with any leaf cell pins. Please check the floorplan. (PSYN-1042)
Warning: Port 'pcx_fpio_data_px2[70]' cannot inherit its location, because the port does not connect with any leaf cell pins. Please check the floorplan. (PSYN-1042)
Warning: Port 'pcx_fpio_data_px2[69]' cannot inherit its location, because the port does not connect with any leaf cell pins. Please check the floorplan. (PSYN-1042)
Warning: Port 'pcx_fpio_data_px2[68]' cannot inherit its location, because the port does not connect with any leaf cell pins. Please check the floorplan. (PSYN-1042)
Warning: Port 'si' cannot inherit its location, because the port does not connect with any leaf cell pins. Please check the floorplan. (PSYN-1042)


Information: Library Manufacturing Grid(GridResolution) : 5
Information: Time Unit from Milkyway design library: 'ns' 
Information: Design Library and main library timing units are matched - 1.000 ns. 
Information: Resistance Unit from Milkyway design library: 'kohm' 
Warning: Mismatch in the main library and the Milkyway library resistance units. In the main library it is 1000.000 kohm and in the Milkyway design library it is 1.000 kohm. Check and correct the resistance units in the .tf and .db files. (PSYN-476)
Information: Capacitance Unit from Milkyway design library: 'pf' 
Warning: Mismatch in the main and the Milkyway library capacitance units. In the main library it is 0.001 pf and in the Milkyway design library it is 1.000 pf. Check and correct the capacitance units in the .tf and .db files. (PSYN-477)
Warning: Inconsistent library data found for layer PO. (RCEX-018)
Information: The distance unit in Capacitance and Resistance is 1 micron. (RCEX-007)
Information: The RC model used is detail route TLU+. (RCEX-015)
Information: Start mixed mode parasitic extraction. (RCEX-023)
Information: Start rc extraction...
Information: Parasitic source is LPE. (RCEX-040)
Information: Parasitic mode is RealRC. (RCEX-041)
Information: Using virtual shield extraction. (RCEX-081)
Information: Extraction mode is MIN_MAX. (RCEX-042)
Information: Extraction derate is 25/25/25. (RCEX-043)
Information: Coupling capacitances are lumped to ground. (RCEX-044)
Information: Start back annotation for parasitic extraction. (RCEX-023)
Information: End back annotation for parasitic extraction. (RCEX-023)
Information: Start timing update for parasitic extraction. (RCEX-023)
Information: End timing update for parasitic extraction. (RCEX-023)
Information: End parasitic extraction. (RCEX-023)
Information: Updating graph... (UID-83)
Information: Updating design information... (UID-85)
Information: Input delay ('rise') on clock port 'gclk' will be added to the clock's propagated skew. (TIM-112)
Information: Input delay ('fall') on clock port 'gclk' will be added to the clock's propagated skew. (TIM-112)
 
****************************************
Report : qor
Design : fpu
Version: L-2016.03-SP5-1
Date   : Mon Mar 13 14:54:46 2017
****************************************


  Timing Path Group 'gclk'
  -----------------------------------
  Levels of Logic:             15.000
  Critical Path Length:         1.195
  Critical Path Slack:          0.000
  Critical Path Clk Period:     2.000
  Total Negative Slack:         0.000
  No. of Violating Paths:       0.000
  Worst Hold Violation:         0.000
  Total Hold Violation:         0.000
  No. of Hold Violations:       0.000
  -----------------------------------


  Cell Count
  -----------------------------------
  Hierarchical Cell Count:         10
  Hierarchical Port Count:       3196
  Leaf Cell Count:              32467
  Buf/Inv Cell Count:            2326
  Buf Cell Count:                 395
  Inv Cell Count:                1931
  CT Buf/Inv Cell Count:          233
  Combinational Cell Count:     25280
  Sequential Cell Count:         7187
  Macro Count:                      0
  -----------------------------------


  Area
  -----------------------------------
  Combinational Area:      250621.747
  Noncombinational Area:   171714.355
  Buf/Inv Area:             17099.367
  Total Buffer Area:         6181.171
  Total Inverter Area:      10918.195
  Macro/Black Box Area:         0.000
  Net Area:                 88167.722
  Net XLength        :     785909.062
  Net YLength        :     827033.375
  -----------------------------------
  Cell Area:               422336.102
  Design Area:             510503.824
  Net Length        :     1612942.500


  Design Rules
  -----------------------------------
  Total Number of Nets:         34349
  Nets With Violations:             2
  Max Trans Violations:             0
  Max Cap Violations:               2
  -----------------------------------


  Hostname: xunil-03.coe.drexel.edu

  Compile CPU Statistics
  -----------------------------------------
  Resource Sharing:                  12.289
  Logic Optimization:                26.023
  Mapping Optimization:             160.353
  -----------------------------------------
  Overall Compile Time:             379.637
  Overall Compile Wall Clock Time:  393.234

  --------------------------------------------------------------------

  Design  WNS: 0.000  TNS: 0.000  Number of Violating Paths: 0


  Design (Hold)  WNS: 0.000  TNS: 0.000  Number of Violating Paths: 0

  --------------------------------------------------------------------


1
