 
****************************************
Report : clock tree
Design : fpu
Version: L-2016.03-SP5-1
Date   : Mon Mar 13 14:54:56 2017
****************************************

Information: Float pin scale factor for the 'max' operating condition of scenario 'default' is set to 1.000 (CTS-375)

============= Clock Tree Exception Pins =============

Clock Tree Exceptions Summary
=============================

  1. Clock: gclk
     Clock root: gclk
     Clock net: gclk
     Total sinks: 4552
     Explicit ignore pins: 0
     Explicit sync pins: 0
     Implicit ignore pins: 0
     Default sink pins: 4552
     Explicit nonstop pins: 0
     Implicit nonstop pins: 0
     Dont touch subtree pins: 0
     Dont buffer nets: 0
     Dont size cells: 0
     Size only cells: 0


=============================


Clock Tree Exceptions 
=====================


Legends Used
------------

(P) = Default sink pin
(F) = Explicit stop/float pin
(I) = Implicit ignore pin
(E) = Explicit ignore pin
(J) = Implicit nonstop pin
(T) = Explicit nonstop pin
(D) = Dont touch subtree pin
(B) = Dont buffer net
(S) = Dont size cell

(O) = Size only cell

  1. Clock: gclk
     Clock root: gclk
     Clock net: gclk
     Total sinks: 4552
     Explicit ignore pins: 0
     Explicit sync pins: 0
     Implicit ignore pins: 0
     Default sink pins: 4552
     Explicit nonstop pins: 0
     Implicit nonstop pins: 0
     Dont touch subtree pins: 0
     Dont buffer nets: 0
     Dont size cells: 0
     Size only cells: 0


=====================================================
1
