 
****************************************
Report : constraint
        -all_violators
        -max_delay
        -min_delay
        -max_capacitance
        -max_transition
Design : fpu
Version: L-2016.03-SP5-1
Date   : Mon Mar 13 14:54:53 2017
****************************************


   max_capacitance

                             Required        Actual
   Net                      Capacitance    Capacitance       Slack
   -----------------------------------------------------------------
   rclk_G3B2I5 (dont_touch)   48.000         65.971        -17.971  (VIOLATED)
   rclk_G3B2I4 (dont_touch)   48.000         54.345         -6.345  (VIOLATED)

   -----------------------------------------------------------------
   Total                      2                -24.316  

1
